<?xml version="1.0" encoding="UTF-8"?>
<!-- Generated by org.testng.reporters.JUnitXMLReporter -->
<testsuite ignored="2" hostname="Dimos-MacBook-Pro-2.local" failures="0" tests="1" name="Test" time="11.16" errors="0" timestamp="2024-10-31T22:29:05 EET">
  <testcase classname="forgotPassword.ForgotPasswordTests" name="forgotPassword" time="3.855"/>
  <testcase classname="forgotPassword.ForgotPasswordTests" name="backButtonFunctionality" time="0.0">
    <ignored/>
  </testcase> <!-- backButtonFunctionality -->
  <testcase classname="forgotPassword.ForgotPasswordTests" name="wrongEmail" time="0.0">
    <ignored/>
  </testcase> <!-- wrongEmail -->
</testsuite> <!-- Test -->
