<?xml version="1.0" encoding="UTF-8"?>
<testng-results ignored="2" total="3" passed="1" failed="0" skipped="0">
  <reporter-output>
  </reporter-output>
  <suite started-at="2024-10-31T22:28:53 EET" name="AutomationSuite" finished-at="2024-10-31T22:29:05 EET" duration-ms="11160">
    <groups>
    </groups>
    <test started-at="2024-10-31T22:28:53 EET" name="Test" finished-at="2024-10-31T22:29:05 EET" duration-ms="11160">
      <class name="forgotPassword.ForgotPasswordTests">
        <test-method is-config="true" signature="setUp()[pri:0, instance:forgotPassword.ForgotPasswordTests@68e965f5]" started-at="2024-10-31T22:28:53 EET" name="setUp" finished-at="2024-10-31T22:29:00 EET" duration-ms="6632" status="PASS">
          <reporter-output>
          </reporter-output>
        </test-method> <!-- setUp -->
        <test-method signature="forgotPassword()[pri:0, instance:forgotPassword.ForgotPasswordTests@68e965f5]" started-at="2024-10-31T22:29:00 EET" name="forgotPassword" finished-at="2024-10-31T22:29:04 EET" duration-ms="3855" status="PASS">
          <reporter-output>
          </reporter-output>
        </test-method> <!-- forgotPassword -->
        <test-method is-config="true" signature="tearDown()[pri:0, instance:forgotPassword.ForgotPasswordTests@68e965f5]" started-at="2024-10-31T22:29:04 EET" name="tearDown" finished-at="2024-10-31T22:29:05 EET" duration-ms="638" status="PASS">
          <reporter-output>
          </reporter-output>
        </test-method> <!-- tearDown -->
      </class> <!-- forgotPassword.ForgotPasswordTests -->
    </test> <!-- Test -->
  </suite> <!-- AutomationSuite -->
</testng-results>
